2024-03-13 00:16:12.221 -04:00 [INF] 
******************************************************
**                  QuickChat                      **
**               [Version 1.0.8]                    **
**     ©2024 QuickChat. All rights reserved        **
******************************************************

2024-03-13 00:20:47.672 -04:00 [INF] 
******************************************************
**                  QuickChat                      **
**               [Version 1.0.8]                    **
**     ©2024 QuickChat. All rights reserved        **
******************************************************

2024-03-13 00:38:53.974 -04:00 [INF] 
******************************************************
**                  QuickChat                      **
**               [Version 1.0.8]                    **
**     ©2024 QuickChat. All rights reserved        **
******************************************************

2024-03-13 00:47:14.596 -04:00 [INF] 
******************************************************
**                  QuickChat                      **
**               [Version 1.0.8]                    **
**     ©2024 QuickChat. All rights reserved        **
******************************************************

2024-03-13 22:56:58.729 -04:00 [INF] 
******************************************************
**                  QuickChat                      **
**               [Version 1.0.8]                    **
**     ©2024 QuickChat. All rights reserved        **
******************************************************

